selected old policy run_tags: b100_q1
selected old policy seed: 1
selected old policy pretrain_episode: 40
verified old policy checkpoint: b100_q1 -> C:\Users\Admin\Desktop\Sim_Fused_CPRO\MIMO1\checkpoints\SLDAC\MIMO\b100_q1\seed_1\episode_0040.pt
selected new policy init run_tag: b100_q10
selected new policy init seed: 0
selected new policy init pretrain_episode: 10
verified new policy init checkpoint: b100_q10 -> C:\Users\Admin\Desktop\Sim_Fused_CPRO\MIMO1\checkpoints\SLDAC\MIMO\b100_q10\seed_0\episode_0010.pt
experiment seeds: 0
run seed: 0
Fused-CPRO-CosRho, batchsize=100, q=1
initialize new actor mu from checkpoint and keep default log_std: C:\Users\Admin\Desktop\Sim_Fused_CPRO\MIMO1\checkpoints\SLDAC\MIMO\b100_q10\seed_0\episode_0010.pt
load old policy checkpoint: C:\Users\Admin\Desktop\Sim_Fused_CPRO\MIMO1\checkpoints\SLDAC\MIMO\b100_q1\seed_1\episode_0040.pt
Fused_CPRO_RhoNew_EPISODE: 0
reward_average: 2.188712999213369
cost_average: 0.8293440139146423
rho: new_actor=0.333333, dk_policy=0.333333, b100_q1=0.333333
xi_offline_weight: 0.5
Fused_CPRO_RhoNew_EPISODE: 1
reward_average: 2.121282312680976
cost_average: 0.8207913566365768
rho: new_actor=0.333333, dk_policy=0.333333, b100_q1=0.333333
xi_offline_weight: 0.05777189160046093
Fused_CPRO_RhoNew_EPISODE: 2
reward_average: 2.144926676154022
cost_average: 0.8254449528042382
rho: new_actor=0.333328, dk_policy=0.333329, b100_q1=0.333343
xi_offline_weight: 0.032282907302234445
Fused_CPRO_RhoNew_EPISODE: 3
reward_average: 2.168969581032025
cost_average: 0.816285219979063
rho: new_actor=0.333322, dk_policy=0.333323, b100_q1=0.333355
xi_offline_weight: 0.02273759255412162
Fused_CPRO_RhoNew_EPISODE: 4
reward_average: 2.1722426887031783
cost_average: 0.8345581312159027
rho: new_actor=0.333315, dk_policy=0.333329, b100_q1=0.333356
xi_offline_weight: 0.017679278337970287
Fused_CPRO_RhoNew_EPISODE: 5
reward_average: 2.188860713611242
cost_average: 0.8484521927814973
rho: new_actor=0.333306, dk_policy=0.333345, b100_q1=0.333348
xi_offline_weight: 0.014526361437324697
Fused_CPRO_RhoNew_EPISODE: 6
reward_average: 2.1755255735184664
cost_average: 0.8540429458900647
rho: new_actor=0.333293, dk_policy=0.333376, b100_q1=0.333332
xi_offline_weight: 0.01236440302841297
Fused_CPRO_RhoNew_EPISODE: 7
reward_average: 2.1789231839879295
cost_average: 0.8596200923974949
rho: new_actor=0.333282, dk_policy=0.333416, b100_q1=0.333302
xi_offline_weight: 0.010785430645492951
Fused_CPRO_RhoNew_EPISODE: 8
reward_average: 2.1606986263296433
cost_average: 0.8690884271700972
rho: new_actor=0.333269, dk_policy=0.333475, b100_q1=0.333256
xi_offline_weight: 0.009579293666144195
Fused_CPRO_RhoNew_EPISODE: 9
reward_average: 2.1650691102079547
cost_average: 0.8645062825680733
rho: new_actor=0.333241, dk_policy=0.333558, b100_q1=0.333201
xi_offline_weight: 0.008626462748414247
Fused_CPRO_RhoNew_EPISODE: 10
reward_average: 2.159216456484755
cost_average: 0.8620672991617266
rho: new_actor=0.333200, dk_policy=0.333649, b100_q1=0.333151
xi_offline_weight: 0.007853816824152076
Fused_CPRO_RhoNew_EPISODE: 11
reward_average: 2.1714894636458824
cost_average: 0.8645866979286735
rho: new_actor=0.333151, dk_policy=0.333757, b100_q1=0.333092
xi_offline_weight: 0.0072140529131508434
Fused_CPRO_RhoNew_EPISODE: 12
reward_average: 2.1733976787202036
cost_average: 0.8704054374254694
rho: new_actor=0.333095, dk_policy=0.333879, b100_q1=0.333026
xi_offline_weight: 0.006675182918190817
Fused_CPRO_RhoNew_EPISODE: 13
reward_average: 2.164953619048718
cost_average: 0.8753757920367392
rho: new_actor=0.333053, dk_policy=0.333991, b100_q1=0.332956
xi_offline_weight: 0.006214781127579341
Fused_CPRO_RhoNew_EPISODE: 14
reward_average: 2.1601811677741085
cost_average: 0.8752675238790169
rho: new_actor=0.333005, dk_policy=0.334129, b100_q1=0.332867
xi_offline_weight: 0.005816648269169566
Fused_CPRO_RhoNew_EPISODE: 15
reward_average: 2.148484822808402
cost_average: 0.8671599359015879
rho: new_actor=0.332958, dk_policy=0.334262, b100_q1=0.332780
xi_offline_weight: 0.005468783765068927
Fused_CPRO_RhoNew_EPISODE: 16
reward_average: 2.159590390129239
cost_average: 0.8666372147578894
rho: new_actor=0.332911, dk_policy=0.334381, b100_q1=0.332708
xi_offline_weight: 0.00516210359535791
Fused_CPRO_RhoNew_EPISODE: 17
reward_average: 2.1577572378583447
cost_average: 0.8630859456981962
rho: new_actor=0.332871, dk_policy=0.334487, b100_q1=0.332643
xi_offline_weight: 0.004889601941268341
Fused_CPRO_RhoNew_EPISODE: 18
reward_average: 2.170596937701919
cost_average: 0.8542924504916537
rho: new_actor=0.332837, dk_policy=0.334581, b100_q1=0.332582
xi_offline_weight: 0.004645786920439145
Fused_CPRO_RhoNew_EPISODE: 19
reward_average: 2.1640509606219895
cost_average: 0.8596819746198371
rho: new_actor=0.332809, dk_policy=0.334666, b100_q1=0.332526
xi_offline_weight: 0.0044262911144597695
Fused_CPRO_RhoNew_EPISODE: 20
reward_average: 2.1579898591325772
cost_average: 0.8698543400115047
rho: new_actor=0.332785, dk_policy=0.334740, b100_q1=0.332475
xi_offline_weight: 0.004227596723678777
Fused_CPRO_RhoNew_EPISODE: 21
reward_average: 2.1596898050268436
cost_average: 0.8756844479005911
rho: new_actor=0.332764, dk_policy=0.334807, b100_q1=0.332429
xi_offline_weight: 0.004046837768734566
Fused_CPRO_RhoNew_EPISODE: 22
reward_average: 2.169224528279472
cost_average: 0.8664061778975629
rho: new_actor=0.332746, dk_policy=0.334867, b100_q1=0.332387
xi_offline_weight: 0.0038816552250363584
Fused_CPRO_RhoNew_EPISODE: 23
reward_average: 2.171435302703333
cost_average: 0.866121860441325
rho: new_actor=0.332733, dk_policy=0.334921, b100_q1=0.332347
xi_offline_weight: 0.0037300892424248343
Fused_CPRO_RhoNew_EPISODE: 24
reward_average: 2.1777354901487875
cost_average: 0.8651480279676663
rho: new_actor=0.332724, dk_policy=0.334967, b100_q1=0.332309
xi_offline_weight: 0.0035904978087629223
Fused_CPRO_RhoNew_EPISODE: 25
reward_average: 2.1853552822450504
cost_average: 0.8634015128130417
rho: new_actor=0.332718, dk_policy=0.335008, b100_q1=0.332274
xi_offline_weight: 0.0034614945726064014
Fused_CPRO_RhoNew_EPISODE: 26
reward_average: 2.189574550746624
cost_average: 0.8624139605111232
rho: new_actor=0.332715, dk_policy=0.335044, b100_q1=0.332241
xi_offline_weight: 0.003341900749616719
Fused_CPRO_RhoNew_EPISODE: 27
reward_average: 2.1890323204107665
cost_average: 0.8591326201757391
rho: new_actor=0.332711, dk_policy=0.335076, b100_q1=0.332212
xi_offline_weight: 0.003230707519817257
Fused_CPRO_RhoNew_EPISODE: 28
reward_average: 2.193380409779046
cost_average: 0.8572222269046943
rho: new_actor=0.332708, dk_policy=0.335106, b100_q1=0.332186
xi_offline_weight: 0.003127046334809989
Fused_CPRO_RhoNew_EPISODE: 29
reward_average: 2.2093169189190447
cost_average: 0.8502323926063773
rho: new_actor=0.332708, dk_policy=0.335129, b100_q1=0.332163
xi_offline_weight: 0.0030301652559994708
Fused_CPRO_RhoNew_EPISODE: 30
reward_average: 2.2243811903846082
cost_average: 0.8436790808509362
rho: new_actor=0.332707, dk_policy=0.335151, b100_q1=0.332142
xi_offline_weight: 0.0029394099388858523
Fused_CPRO_RhoNew_EPISODE: 31
reward_average: 2.2288048686075084
cost_average: 0.8399475830312977
rho: new_actor=0.332707, dk_policy=0.335170, b100_q1=0.332123
xi_offline_weight: 0.0028542082308874025
Fused_CPRO_RhoNew_EPISODE: 32
reward_average: 2.2153618642121202
cost_average: 0.8439743969938085
rho: new_actor=0.332707, dk_policy=0.335189, b100_q1=0.332104
xi_offline_weight: 0.002774057604684678
Fused_CPRO_RhoNew_EPISODE: 33
reward_average: 2.2086468398524457
cost_average: 0.8424941919735421
rho: new_actor=0.332707, dk_policy=0.335206, b100_q1=0.332087
xi_offline_weight: 0.00269851483506146
Fused_CPRO_RhoNew_EPISODE: 34
reward_average: 2.2021563271756524
cost_average: 0.8421485415139017
rho: new_actor=0.332707, dk_policy=0.335221, b100_q1=0.332072
xi_offline_weight: 0.002627187464584324
Fused_CPRO_RhoNew_EPISODE: 35
reward_average: 2.196924901713743
cost_average: 0.8427090903190295
rho: new_actor=0.332706, dk_policy=0.335235, b100_q1=0.332059
xi_offline_weight: 0.0025597267059461483
Fused_CPRO_RhoNew_EPISODE: 36
reward_average: 2.184484196056647
cost_average: 0.8394432856770534
rho: new_actor=0.332706, dk_policy=0.335247, b100_q1=0.332047
xi_offline_weight: 0.002495821505979421
Fused_CPRO_RhoNew_EPISODE: 37
reward_average: 2.188936928472217
cost_average: 0.8376602186850796
rho: new_actor=0.332706, dk_policy=0.335258, b100_q1=0.332036
xi_offline_weight: 0.002435193554984515
Fused_CPRO_RhoNew_EPISODE: 38
reward_average: 2.1843290101532773
cost_average: 0.839163072455905
rho: new_actor=0.332705, dk_policy=0.335268, b100_q1=0.332027
xi_offline_weight: 0.002377593069940581
Fused_CPRO_RhoNew_EPISODE: 39
reward_average: 2.17387955502585
cost_average: 0.845881387224669
rho: new_actor=0.332704, dk_policy=0.335278, b100_q1=0.332018
xi_offline_weight: 0.0023227952148501866
Fused_CPRO_RhoNew_EPISODE: 40
reward_average: 2.1693802885111633
cost_average: 0.8397987137885801
rho: new_actor=0.332703, dk_policy=0.335286, b100_q1=0.332011
xi_offline_weight: 0.0022705970484443987
Fused_CPRO_RhoNew_EPISODE: 41
reward_average: 2.171525095922344
cost_average: 0.8340849221886784
rho: new_actor=0.332702, dk_policy=0.335294, b100_q1=0.332004
xi_offline_weight: 0.0022208149106017067
Fused_CPRO_RhoNew_EPISODE: 42
reward_average: 2.1773283857533046
cost_average: 0.8299794773920809
rho: new_actor=0.332701, dk_policy=0.335301, b100_q1=0.331997
xi_offline_weight: 0.0021732821754891518
Fused_CPRO_RhoNew_EPISODE: 43
reward_average: 2.176221408016416
cost_average: 0.8333003253187801
rho: new_actor=0.332700, dk_policy=0.335309, b100_q1=0.331990
xi_offline_weight: 0.002127847312645608
Fused_CPRO_RhoNew_EPISODE: 44
reward_average: 2.1820530382438323
cost_average: 0.829010839450297
rho: new_actor=0.332700, dk_policy=0.335317, b100_q1=0.331983
xi_offline_weight: 0.002084372207769324
Fused_CPRO_RhoNew_EPISODE: 45
reward_average: 2.1759810147603593
cost_average: 0.8326934726499294
rho: new_actor=0.332699, dk_policy=0.335324, b100_q1=0.331977
xi_offline_weight: 0.002042730703431193
Fused_CPRO_RhoNew_EPISODE: 46
reward_average: 2.177234607312874
cost_average: 0.8325829927049934
rho: new_actor=0.332699, dk_policy=0.335328, b100_q1=0.331973
xi_offline_weight: 0.0020028073267596164
Fused_CPRO_RhoNew_EPISODE: 47
reward_average: 2.1805736450169744
cost_average: 0.8312086189156497
rho: new_actor=0.332698, dk_policy=0.335333, b100_q1=0.331968
xi_offline_weight: 0.001964496176676215
Fused_CPRO_RhoNew_EPISODE: 48
reward_average: 2.1859678132014335
cost_average: 0.8262293119199643
rho: new_actor=0.332698, dk_policy=0.335338, b100_q1=0.331963
xi_offline_weight: 0.0019276999477701219
Fused_CPRO_RhoNew_EPISODE: 49
reward_average: 2.1889147548398284
cost_average: 0.8214044987448177
rho: new_actor=0.332698, dk_policy=0.335343, b100_q1=0.331959
xi_offline_weight: 0.0018923290715889577
Fused_CPRO_RhoNew_EPISODE: 50
reward_average: 2.1972154203201666
cost_average: 0.8290349747161423
rho: new_actor=0.332697, dk_policy=0.335347, b100_q1=0.331955
xi_offline_weight: 0.0018583009591587177
Fused_CPRO_RhoNew_EPISODE: 51
reward_average: 2.1906042048631136
cost_average: 0.8367939809140058
rho: new_actor=0.332697, dk_policy=0.335351, b100_q1=0.331952
xi_offline_weight: 0.0018255393310499354
Fused_CPRO_RhoNew_EPISODE: 52
reward_average: 2.18565719140251
cost_average: 0.8411721314120175
rho: new_actor=0.332698, dk_policy=0.335354, b100_q1=0.331949
xi_offline_weight: 0.0017939736233842628
Fused_CPRO_RhoNew_EPISODE: 53
reward_average: 2.184206139907713
cost_average: 0.8451569223629937
rho: new_actor=0.332698, dk_policy=0.335357, b100_q1=0.331946
xi_offline_weight: 0.0017635384599039533
Fused_CPRO_RhoNew_EPISODE: 54
reward_average: 2.175464100120373
cost_average: 0.8473843756888219
rho: new_actor=0.332698, dk_policy=0.335359, b100_q1=0.331943
xi_offline_weight: 0.001734173181670487
Fused_CPRO_RhoNew_EPISODE: 55
reward_average: 2.176801701547653
cost_average: 0.8485378958373218
rho: new_actor=0.332698, dk_policy=0.335361, b100_q1=0.331941
xi_offline_weight: 0.0017058214271688942
Fused_CPRO_RhoNew_EPISODE: 56
reward_average: 2.1901519647386265
cost_average: 0.841305078704614
rho: new_actor=0.332698, dk_policy=0.335363, b100_q1=0.331939
xi_offline_weight: 0.001678430756612477
Fused_CPRO_RhoNew_EPISODE: 57
reward_average: 2.1816968258670153
cost_average: 0.855427256760854
rho: new_actor=0.332698, dk_policy=0.335365, b100_q1=0.331937
xi_offline_weight: 0.0016519523151019338
Fused_CPRO_RhoNew_EPISODE: 58
reward_average: 2.1769024237140884
cost_average: 0.8613979977430186
rho: new_actor=0.332698, dk_policy=0.335366, b100_q1=0.331935
xi_offline_weight: 0.0016263405300204327
Fused_CPRO_RhoNew_EPISODE: 59
reward_average: 2.165324271745843
cost_average: 0.8696235125856383
rho: new_actor=0.332698, dk_policy=0.335368, b100_q1=0.331934
xi_offline_weight: 0.0016015528386640783
